<?xml version="1.0" encoding="UTF-8" ?>
<testsuite errors="3" failures="0" hostname="Rogerio-PC" name="tfcmanager.TFCControllerSpec" tests="7" time="2.24" timestamp="2014-11-06T20:11:26">
  <properties />
  <testcase classname="tfcmanager.TFCControllerSpec" name="Test the index action returns the correct model" time="0.765" />
  <testcase classname="tfcmanager.TFCControllerSpec" name="Test the create action returns the correct model" time="0.114" />
  <testcase classname="tfcmanager.TFCControllerSpec" name="Test the save action correctly persists an instance" time="0.255">
    <error message="Cannot redirect for object [null] it is not a domain or has no identifier. Use an explicit redirect instead " type="org.codehaus.groovy.grails.web.servlet.mvc.exceptions.CannotRedirectException">org.codehaus.groovy.grails.web.servlet.mvc.exceptions.CannotRedirectException: Cannot redirect for object [null] it is not a domain or has no identifier. Use an explicit redirect instead 
	at tfcmanager.TFCController.tt__save_closure9_closure14(TFCController.groovy:44)
	at tfcmanager.TFCController.$tt__save(TFCController.groovy:41)
	at tfcmanager.TFCControllerSpec.Test the save action correctly persists an instance(TFCControllerSpec.groovy:53)
</error>
  </testcase>
  <testcase classname="tfcmanager.TFCControllerSpec" name="Test that the show action returns the correct model" time="0.099" />
  <testcase classname="tfcmanager.TFCControllerSpec" name="Test that the edit action returns the correct model" time="0.101" />
  <testcase classname="tfcmanager.TFCControllerSpec" name="Test the update action performs an update on a valid domain instance" time="0.293">
    <error message="Cannot get property &apos;id&apos; on null object" type="java.lang.NullPointerException">java.lang.NullPointerException: Cannot get property &apos;id&apos; on null object
	at tfcmanager.TFCControllerSpec.Test the update action performs an update on a valid domain instance(TFCControllerSpec.groovy:120)
</error>
  </testcase>
  <testcase classname="tfcmanager.TFCControllerSpec" name="Test that the delete action deletes an instance if it exists" time="0.12">
    <error message="Cannot invoke method count() on null object" type="java.lang.NullPointerException">java.lang.NullPointerException: Cannot invoke method count() on null object
	at tfcmanager.TFCControllerSpec.Test that the delete action deletes an instance if it exists(TFCControllerSpec.groovy:139)
</error>
  </testcase>
  <system-out><![CDATA[--Output from Test the index action returns the correct model--
--Output from Test the create action returns the correct model--
--Output from Test the save action correctly persists an instance--
--Output from Test that the show action returns the correct model--
--Output from Test that the edit action returns the correct model--
--Output from Test the update action performs an update on a valid domain instance--
--Output from Test that the delete action deletes an instance if it exists--
]]></system-out>
  <system-err><![CDATA[--Output from Test the index action returns the correct model--
--Output from Test the create action returns the correct model--
--Output from Test the save action correctly persists an instance--
--Output from Test that the show action returns the correct model--
--Output from Test that the edit action returns the correct model--
--Output from Test the update action performs an update on a valid domain instance--
--Output from Test that the delete action deletes an instance if it exists--
]]></system-err>
</testsuite>
