<?xml version="1.0" encoding="UTF-8" ?>
<testsuite errors="2" failures="1" hostname="Rogerio-PC" name="tfcmanager.SeminarioControllerSpec" tests="7" time="2.354" timestamp="2014-11-06T20:11:24">
  <properties />
  <testcase classname="tfcmanager.SeminarioControllerSpec" name="Test the index action returns the correct model" time="0.882" />
  <testcase classname="tfcmanager.SeminarioControllerSpec" name="Test the create action returns the correct model" time="0.143" />
  <testcase classname="tfcmanager.SeminarioControllerSpec" name="Test the save action correctly persists an instance" time="0.233">
    <error message="Cannot redirect for object [tfcmanager.Seminario : (unsaved)] it is not a domain or has no identifier. Use an explicit redirect instead " type="org.codehaus.groovy.grails.web.servlet.mvc.exceptions.CannotRedirectException">org.codehaus.groovy.grails.web.servlet.mvc.exceptions.CannotRedirectException: Cannot redirect for object [tfcmanager.Seminario : (unsaved)] it is not a domain or has no identifier. Use an explicit redirect instead 
	at tfcmanager.SeminarioController.tt__save_closure9_closure14(SeminarioController.groovy:47)
	at tfcmanager.SeminarioController.$tt__save(SeminarioController.groovy:44)
	at tfcmanager.SeminarioControllerSpec.Test the save action correctly persists an instance(SeminarioControllerSpec.groovy:53)
</error>
  </testcase>
  <testcase classname="tfcmanager.SeminarioControllerSpec" name="Test that the show action returns the correct model" time="0.103" />
  <testcase classname="tfcmanager.SeminarioControllerSpec" name="Test that the edit action returns the correct model" time="0.097" />
  <testcase classname="tfcmanager.SeminarioControllerSpec" name="Test the update action performs an update on a valid domain instance" time="0.222">
    <error message="Cannot get property &apos;id&apos; on null object" type="java.lang.NullPointerException">java.lang.NullPointerException: Cannot get property &apos;id&apos; on null object
	at tfcmanager.SeminarioControllerSpec.Test the update action performs an update on a valid domain instance(SeminarioControllerSpec.groovy:120)
</error>
  </testcase>
  <testcase classname="tfcmanager.SeminarioControllerSpec" name="Test that the delete action deletes an instance if it exists" time="0.108">
    <failure message="Condition not satisfied:&#xa;&#xa;Seminario.count() == 1&#xa;          |       |&#xa;          0       false&#xa;" type="junit.framework.AssertionFailedError">junit.framework.AssertionFailedError: Condition not satisfied:

Seminario.count() == 1
          |       |
          0       false

	at tfcmanager.SeminarioControllerSpec.Test that the delete action deletes an instance if it exists(SeminarioControllerSpec.groovy:139)
</failure>
  </testcase>
  <system-out><![CDATA[--Output from Test the index action returns the correct model--
--Output from Test the create action returns the correct model--
--Output from Test the save action correctly persists an instance--
--Output from Test that the show action returns the correct model--
--Output from Test that the edit action returns the correct model--
--Output from Test the update action performs an update on a valid domain instance--
--Output from Test that the delete action deletes an instance if it exists--
]]></system-out>
  <system-err><![CDATA[--Output from Test the index action returns the correct model--
--Output from Test the create action returns the correct model--
--Output from Test the save action correctly persists an instance--
--Output from Test that the show action returns the correct model--
--Output from Test that the edit action returns the correct model--
--Output from Test the update action performs an update on a valid domain instance--
--Output from Test that the delete action deletes an instance if it exists--
]]></system-err>
</testsuite>
