<?xml version="1.0" encoding="UTF-8" ?>
<testsuite errors="3" failures="0" hostname="Rogerio-PC" name="tfcmanager.TFC_has_ProfessorControllerSpec" tests="7" time="2.166" timestamp="2014-11-06T20:11:29">
  <properties />
  <testcase classname="tfcmanager.TFC_has_ProfessorControllerSpec" name="Test the index action returns the correct model" time="0.755" />
  <testcase classname="tfcmanager.TFC_has_ProfessorControllerSpec" name="Test the create action returns the correct model" time="0.113" />
  <testcase classname="tfcmanager.TFC_has_ProfessorControllerSpec" name="Test the save action correctly persists an instance" time="0.209">
    <error message="Cannot redirect for object [tfcmanager.TFC_has_Professor : (unsaved)] it is not a domain or has no identifier. Use an explicit redirect instead " type="org.codehaus.groovy.grails.web.servlet.mvc.exceptions.CannotRedirectException">org.codehaus.groovy.grails.web.servlet.mvc.exceptions.CannotRedirectException: Cannot redirect for object [tfcmanager.TFC_has_Professor : (unsaved)] it is not a domain or has no identifier. Use an explicit redirect instead 
	at tfcmanager.TFC_has_ProfessorController.tt__save_closure9_closure14(TFC_has_ProfessorController.groovy:47)
	at tfcmanager.TFC_has_ProfessorController.$tt__save(TFC_has_ProfessorController.groovy:44)
	at tfcmanager.TFC_has_ProfessorControllerSpec.Test the save action correctly persists an instance(TFC_has_ProfessorControllerSpec.groovy:53)
</error>
  </testcase>
  <testcase classname="tfcmanager.TFC_has_ProfessorControllerSpec" name="Test that the show action returns the correct model" time="0.142" />
  <testcase classname="tfcmanager.TFC_has_ProfessorControllerSpec" name="Test that the edit action returns the correct model" time="0.106" />
  <testcase classname="tfcmanager.TFC_has_ProfessorControllerSpec" name="Test the update action performs an update on a valid domain instance" time="0.222">
    <error message="Cannot get property &apos;id&apos; on null object" type="java.lang.NullPointerException">java.lang.NullPointerException: Cannot get property &apos;id&apos; on null object
	at tfcmanager.TFC_has_ProfessorControllerSpec.Test the update action performs an update on a valid domain instance(TFC_has_ProfessorControllerSpec.groovy:120)
</error>
  </testcase>
  <testcase classname="tfcmanager.TFC_has_ProfessorControllerSpec" name="Test that the delete action deletes an instance if it exists" time="0.102">
    <error message="Cannot invoke method count() on null object" type="java.lang.NullPointerException">java.lang.NullPointerException: Cannot invoke method count() on null object
	at tfcmanager.TFC_has_ProfessorControllerSpec.Test that the delete action deletes an instance if it exists(TFC_has_ProfessorControllerSpec.groovy:139)
</error>
  </testcase>
  <system-out><![CDATA[--Output from Test the index action returns the correct model--
--Output from Test the create action returns the correct model--
--Output from Test the save action correctly persists an instance--
--Output from Test that the show action returns the correct model--
--Output from Test that the edit action returns the correct model--
--Output from Test the update action performs an update on a valid domain instance--
--Output from Test that the delete action deletes an instance if it exists--
]]></system-out>
  <system-err><![CDATA[--Output from Test the index action returns the correct model--
--Output from Test the create action returns the correct model--
--Output from Test the save action correctly persists an instance--
--Output from Test that the show action returns the correct model--
--Output from Test that the edit action returns the correct model--
--Output from Test the update action performs an update on a valid domain instance--
--Output from Test that the delete action deletes an instance if it exists--
]]></system-err>
</testsuite>
