<?xml version="1.0" encoding="UTF-8" ?>
<testsuite errors="2" failures="1" hostname="Rogerio-PC" name="tfcmanager.UsuarioControllerSpec" tests="7" time="2.486" timestamp="2014-11-06T20:11:31">
  <properties />
  <testcase classname="tfcmanager.UsuarioControllerSpec" name="Test the index action returns the correct model" time="0.951" />
  <testcase classname="tfcmanager.UsuarioControllerSpec" name="Test the create action returns the correct model" time="0.123" />
  <testcase classname="tfcmanager.UsuarioControllerSpec" name="Test the save action correctly persists an instance" time="0.214">
    <error message="Cannot redirect for object [null] it is not a domain or has no identifier. Use an explicit redirect instead " type="org.codehaus.groovy.grails.web.servlet.mvc.exceptions.CannotRedirectException">org.codehaus.groovy.grails.web.servlet.mvc.exceptions.CannotRedirectException: Cannot redirect for object [null] it is not a domain or has no identifier. Use an explicit redirect instead 
	at tfcmanager.UsuarioController.tt__save_closure9_closure14(UsuarioController.groovy:47)
	at tfcmanager.UsuarioController.$tt__save(UsuarioController.groovy:44)
	at tfcmanager.UsuarioControllerSpec.Test the save action correctly persists an instance(UsuarioControllerSpec.groovy:53)
</error>
  </testcase>
  <testcase classname="tfcmanager.UsuarioControllerSpec" name="Test that the show action returns the correct model" time="0.093" />
  <testcase classname="tfcmanager.UsuarioControllerSpec" name="Test that the edit action returns the correct model" time="0.162" />
  <testcase classname="tfcmanager.UsuarioControllerSpec" name="Test the update action performs an update on a valid domain instance" time="0.258">
    <error message="Cannot get property &apos;id&apos; on null object" type="java.lang.NullPointerException">java.lang.NullPointerException: Cannot get property &apos;id&apos; on null object
	at tfcmanager.UsuarioControllerSpec.Test the update action performs an update on a valid domain instance(UsuarioControllerSpec.groovy:120)
</error>
  </testcase>
  <testcase classname="tfcmanager.UsuarioControllerSpec" name="Test that the delete action deletes an instance if it exists" time="0.139">
    <failure message="Condition not satisfied:&#xa;&#xa;Usuario.count() == 1&#xa;        |       |&#xa;        0       false&#xa;" type="junit.framework.AssertionFailedError">junit.framework.AssertionFailedError: Condition not satisfied:

Usuario.count() == 1
        |       |
        0       false

	at tfcmanager.UsuarioControllerSpec.Test that the delete action deletes an instance if it exists(UsuarioControllerSpec.groovy:139)
</failure>
  </testcase>
  <system-out><![CDATA[--Output from Test the index action returns the correct model--
--Output from Test the create action returns the correct model--
--Output from Test the save action correctly persists an instance--
--Output from Test that the show action returns the correct model--
--Output from Test that the edit action returns the correct model--
--Output from Test the update action performs an update on a valid domain instance--
--Output from Test that the delete action deletes an instance if it exists--
]]></system-out>
  <system-err><![CDATA[--Output from Test the index action returns the correct model--
--Output from Test the create action returns the correct model--
--Output from Test the save action correctly persists an instance--
--Output from Test that the show action returns the correct model--
--Output from Test that the edit action returns the correct model--
--Output from Test the update action performs an update on a valid domain instance--
--Output from Test that the delete action deletes an instance if it exists--
]]></system-err>
</testsuite>
