<?xml version="1.0" encoding="UTF-8" ?>
<testsuite errors="2" failures="1" hostname="Rogerio-PC" name="tfcmanager.BancaDefesaControllerSpec" tests="7" time="2.428" timestamp="2014-11-06T20:10:58">
  <properties />
  <testcase classname="tfcmanager.BancaDefesaControllerSpec" name="Test the index action returns the correct model" time="0.974" />
  <testcase classname="tfcmanager.BancaDefesaControllerSpec" name="Test the create action returns the correct model" time="0.131" />
  <testcase classname="tfcmanager.BancaDefesaControllerSpec" name="Test the save action correctly persists an instance" time="0.2">
    <error message="Cannot redirect for object [null] it is not a domain or has no identifier. Use an explicit redirect instead " type="org.codehaus.groovy.grails.web.servlet.mvc.exceptions.CannotRedirectException">org.codehaus.groovy.grails.web.servlet.mvc.exceptions.CannotRedirectException: Cannot redirect for object [null] it is not a domain or has no identifier. Use an explicit redirect instead 
	at tfcmanager.BancaDefesaController.tt__save_closure9_closure14(BancaDefesaController.groovy:50)
	at tfcmanager.BancaDefesaController.$tt__save(BancaDefesaController.groovy:47)
	at tfcmanager.BancaDefesaControllerSpec.Test the save action correctly persists an instance(BancaDefesaControllerSpec.groovy:53)
</error>
  </testcase>
  <testcase classname="tfcmanager.BancaDefesaControllerSpec" name="Test that the show action returns the correct model" time="0.097" />
  <testcase classname="tfcmanager.BancaDefesaControllerSpec" name="Test that the edit action returns the correct model" time="0.131" />
  <testcase classname="tfcmanager.BancaDefesaControllerSpec" name="Test the update action performs an update on a valid domain instance" time="0.235">
    <error message="Cannot get property &apos;id&apos; on null object" type="java.lang.NullPointerException">java.lang.NullPointerException: Cannot get property &apos;id&apos; on null object
	at tfcmanager.BancaDefesaControllerSpec.Test the update action performs an update on a valid domain instance(BancaDefesaControllerSpec.groovy:120)
</error>
  </testcase>
  <testcase classname="tfcmanager.BancaDefesaControllerSpec" name="Test that the delete action deletes an instance if it exists" time="0.115">
    <failure message="Condition not satisfied:&#xa;&#xa;BancaDefesa.count() == 1&#xa;            |       |&#xa;            0       false&#xa;" type="junit.framework.AssertionFailedError">junit.framework.AssertionFailedError: Condition not satisfied:

BancaDefesa.count() == 1
            |       |
            0       false

	at tfcmanager.BancaDefesaControllerSpec.Test that the delete action deletes an instance if it exists(BancaDefesaControllerSpec.groovy:139)
</failure>
  </testcase>
  <system-out><![CDATA[--Output from Test the index action returns the correct model--
--Output from Test the create action returns the correct model--
--Output from Test the save action correctly persists an instance--
--Output from Test that the show action returns the correct model--
--Output from Test that the edit action returns the correct model--
--Output from Test the update action performs an update on a valid domain instance--
--Output from Test that the delete action deletes an instance if it exists--
]]></system-out>
  <system-err><![CDATA[--Output from Test the index action returns the correct model--
--Output from Test the create action returns the correct model--
--Output from Test the save action correctly persists an instance--
--Output from Test that the show action returns the correct model--
--Output from Test that the edit action returns the correct model--
--Output from Test the update action performs an update on a valid domain instance--
--Output from Test that the delete action deletes an instance if it exists--
]]></system-err>
</testsuite>
