<?xml version="1.0" encoding="UTF-8" ?>
<testsuite errors="2" failures="1" hostname="Rogerio-PC" name="tfcmanager.DisciplinaControllerSpec" tests="7" time="2.394" timestamp="2014-11-06T20:11:03">
  <properties />
  <testcase classname="tfcmanager.DisciplinaControllerSpec" name="Test the index action returns the correct model" time="0.748" />
  <testcase classname="tfcmanager.DisciplinaControllerSpec" name="Test the create action returns the correct model" time="0.141" />
  <testcase classname="tfcmanager.DisciplinaControllerSpec" name="Test the save action correctly persists an instance" time="0.212">
    <error message="Cannot redirect for object [null] it is not a domain or has no identifier. Use an explicit redirect instead " type="org.codehaus.groovy.grails.web.servlet.mvc.exceptions.CannotRedirectException">org.codehaus.groovy.grails.web.servlet.mvc.exceptions.CannotRedirectException: Cannot redirect for object [null] it is not a domain or has no identifier. Use an explicit redirect instead 
	at tfcmanager.DisciplinaController.tt__save_closure9_closure14(DisciplinaController.groovy:47)
	at tfcmanager.DisciplinaController.$tt__save(DisciplinaController.groovy:44)
	at tfcmanager.DisciplinaControllerSpec.Test the save action correctly persists an instance(DisciplinaControllerSpec.groovy:53)
</error>
  </testcase>
  <testcase classname="tfcmanager.DisciplinaControllerSpec" name="Test that the show action returns the correct model" time="0.148" />
  <testcase classname="tfcmanager.DisciplinaControllerSpec" name="Test that the edit action returns the correct model" time="0.153" />
  <testcase classname="tfcmanager.DisciplinaControllerSpec" name="Test the update action performs an update on a valid domain instance" time="0.226">
    <error message="Cannot get property &apos;id&apos; on null object" type="java.lang.NullPointerException">java.lang.NullPointerException: Cannot get property &apos;id&apos; on null object
	at tfcmanager.DisciplinaControllerSpec.Test the update action performs an update on a valid domain instance(DisciplinaControllerSpec.groovy:120)
</error>
  </testcase>
  <testcase classname="tfcmanager.DisciplinaControllerSpec" name="Test that the delete action deletes an instance if it exists" time="0.133">
    <failure message="Condition not satisfied:&#xa;&#xa;Disciplina.count() == 1&#xa;           |       |&#xa;           0       false&#xa;" type="junit.framework.AssertionFailedError">junit.framework.AssertionFailedError: Condition not satisfied:

Disciplina.count() == 1
           |       |
           0       false

	at tfcmanager.DisciplinaControllerSpec.Test that the delete action deletes an instance if it exists(DisciplinaControllerSpec.groovy:139)
</failure>
  </testcase>
  <system-out><![CDATA[--Output from Test the index action returns the correct model--
--Output from Test the create action returns the correct model--
--Output from Test the save action correctly persists an instance--
--Output from Test that the show action returns the correct model--
--Output from Test that the edit action returns the correct model--
--Output from Test the update action performs an update on a valid domain instance--
--Output from Test that the delete action deletes an instance if it exists--
]]></system-out>
  <system-err><![CDATA[--Output from Test the index action returns the correct model--
--Output from Test the create action returns the correct model--
--Output from Test the save action correctly persists an instance--
--Output from Test that the show action returns the correct model--
--Output from Test that the edit action returns the correct model--
--Output from Test the update action performs an update on a valid domain instance--
--Output from Test that the delete action deletes an instance if it exists--
]]></system-err>
</testsuite>
