<?xml version="1.0" encoding="UTF-8" ?>
<testsuite errors="2" failures="1" hostname="Rogerio-PC" name="tfcmanager.PresencaOrientacaoControllerSpec" tests="7" time="2.376" timestamp="2014-11-06T20:11:17">
  <properties />
  <testcase classname="tfcmanager.PresencaOrientacaoControllerSpec" name="Test the index action returns the correct model" time="0.749" />
  <testcase classname="tfcmanager.PresencaOrientacaoControllerSpec" name="Test the create action returns the correct model" time="0.153" />
  <testcase classname="tfcmanager.PresencaOrientacaoControllerSpec" name="Test the save action correctly persists an instance" time="0.271">
    <error message="Cannot redirect for object [tfcmanager.PresencaOrientacao : (unsaved)] it is not a domain or has no identifier. Use an explicit redirect instead " type="org.codehaus.groovy.grails.web.servlet.mvc.exceptions.CannotRedirectException">org.codehaus.groovy.grails.web.servlet.mvc.exceptions.CannotRedirectException: Cannot redirect for object [tfcmanager.PresencaOrientacao : (unsaved)] it is not a domain or has no identifier. Use an explicit redirect instead 
	at tfcmanager.PresencaOrientacaoController.tt__save_closure9_closure14(PresencaOrientacaoController.groovy:47)
	at tfcmanager.PresencaOrientacaoController.$tt__save(PresencaOrientacaoController.groovy:44)
	at tfcmanager.PresencaOrientacaoControllerSpec.Test the save action correctly persists an instance(PresencaOrientacaoControllerSpec.groovy:53)
</error>
  </testcase>
  <testcase classname="tfcmanager.PresencaOrientacaoControllerSpec" name="Test that the show action returns the correct model" time="0.111" />
  <testcase classname="tfcmanager.PresencaOrientacaoControllerSpec" name="Test that the edit action returns the correct model" time="0.132" />
  <testcase classname="tfcmanager.PresencaOrientacaoControllerSpec" name="Test the update action performs an update on a valid domain instance" time="0.235">
    <error message="Cannot get property &apos;id&apos; on null object" type="java.lang.NullPointerException">java.lang.NullPointerException: Cannot get property &apos;id&apos; on null object
	at tfcmanager.PresencaOrientacaoControllerSpec.Test the update action performs an update on a valid domain instance(PresencaOrientacaoControllerSpec.groovy:120)
</error>
  </testcase>
  <testcase classname="tfcmanager.PresencaOrientacaoControllerSpec" name="Test that the delete action deletes an instance if it exists" time="0.103">
    <failure message="Condition not satisfied:&#xa;&#xa;PresencaOrientacao.count() == 1&#xa;                   |       |&#xa;                   0       false&#xa;" type="junit.framework.AssertionFailedError">junit.framework.AssertionFailedError: Condition not satisfied:

PresencaOrientacao.count() == 1
                   |       |
                   0       false

	at tfcmanager.PresencaOrientacaoControllerSpec.Test that the delete action deletes an instance if it exists(PresencaOrientacaoControllerSpec.groovy:139)
</failure>
  </testcase>
  <system-out><![CDATA[--Output from Test the index action returns the correct model--
--Output from Test the create action returns the correct model--
--Output from Test the save action correctly persists an instance--
--Output from Test that the show action returns the correct model--
--Output from Test that the edit action returns the correct model--
--Output from Test the update action performs an update on a valid domain instance--
--Output from Test that the delete action deletes an instance if it exists--
]]></system-out>
  <system-err><![CDATA[--Output from Test the index action returns the correct model--
--Output from Test the create action returns the correct model--
--Output from Test the save action correctly persists an instance--
--Output from Test that the show action returns the correct model--
--Output from Test that the edit action returns the correct model--
--Output from Test the update action performs an update on a valid domain instance--
--Output from Test that the delete action deletes an instance if it exists--
]]></system-err>
</testsuite>
