<?xml version="1.0" encoding="UTF-8" ?>
<testsuite errors="2" failures="1" hostname="Rogerio-PC" name="tfcmanager.HorarioSemanalControllerSpec" tests="7" time="2.245" timestamp="2014-11-06T20:11:10">
  <properties />
  <testcase classname="tfcmanager.HorarioSemanalControllerSpec" name="Test the index action returns the correct model" time="0.751" />
  <testcase classname="tfcmanager.HorarioSemanalControllerSpec" name="Test the create action returns the correct model" time="0.113" />
  <testcase classname="tfcmanager.HorarioSemanalControllerSpec" name="Test the save action correctly persists an instance" time="0.224">
    <error message="Cannot redirect for object [null - null] it is not a domain or has no identifier. Use an explicit redirect instead " type="org.codehaus.groovy.grails.web.servlet.mvc.exceptions.CannotRedirectException">org.codehaus.groovy.grails.web.servlet.mvc.exceptions.CannotRedirectException: Cannot redirect for object [null - null] it is not a domain or has no identifier. Use an explicit redirect instead 
	at tfcmanager.HorarioSemanalController.tt__save_closure9_closure14(HorarioSemanalController.groovy:47)
	at tfcmanager.HorarioSemanalController.$tt__save(HorarioSemanalController.groovy:44)
	at tfcmanager.HorarioSemanalControllerSpec.Test the save action correctly persists an instance(HorarioSemanalControllerSpec.groovy:53)
</error>
  </testcase>
  <testcase classname="tfcmanager.HorarioSemanalControllerSpec" name="Test that the show action returns the correct model" time="0.14" />
  <testcase classname="tfcmanager.HorarioSemanalControllerSpec" name="Test that the edit action returns the correct model" time="0.096" />
  <testcase classname="tfcmanager.HorarioSemanalControllerSpec" name="Test the update action performs an update on a valid domain instance" time="0.282">
    <error message="Cannot get property &apos;id&apos; on null object" type="java.lang.NullPointerException">java.lang.NullPointerException: Cannot get property &apos;id&apos; on null object
	at tfcmanager.HorarioSemanalControllerSpec.Test the update action performs an update on a valid domain instance(HorarioSemanalControllerSpec.groovy:120)
</error>
  </testcase>
  <testcase classname="tfcmanager.HorarioSemanalControllerSpec" name="Test that the delete action deletes an instance if it exists" time="0.114">
    <failure message="Condition not satisfied:&#xa;&#xa;HorarioSemanal.count() == 1&#xa;               |       |&#xa;               0       false&#xa;" type="junit.framework.AssertionFailedError">junit.framework.AssertionFailedError: Condition not satisfied:

HorarioSemanal.count() == 1
               |       |
               0       false

	at tfcmanager.HorarioSemanalControllerSpec.Test that the delete action deletes an instance if it exists(HorarioSemanalControllerSpec.groovy:139)
</failure>
  </testcase>
  <system-out><![CDATA[--Output from Test the index action returns the correct model--
--Output from Test the create action returns the correct model--
--Output from Test the save action correctly persists an instance--
--Output from Test that the show action returns the correct model--
--Output from Test that the edit action returns the correct model--
--Output from Test the update action performs an update on a valid domain instance--
--Output from Test that the delete action deletes an instance if it exists--
]]></system-out>
  <system-err><![CDATA[--Output from Test the index action returns the correct model--
--Output from Test the create action returns the correct model--
--Output from Test the save action correctly persists an instance--
--Output from Test that the show action returns the correct model--
--Output from Test that the edit action returns the correct model--
--Output from Test the update action performs an update on a valid domain instance--
--Output from Test that the delete action deletes an instance if it exists--
]]></system-err>
</testsuite>
