<?xml version="1.0" encoding="UTF-8" ?>
<testsuite errors="2" failures="1" hostname="Rogerio-PC" name="tfcmanager.DocumentosControllerSpec" tests="7" time="2.296" timestamp="2014-11-06T20:11:05">
  <properties />
  <testcase classname="tfcmanager.DocumentosControllerSpec" name="Test the index action returns the correct model" time="0.87" />
  <testcase classname="tfcmanager.DocumentosControllerSpec" name="Test the create action returns the correct model" time="0.121" />
  <testcase classname="tfcmanager.DocumentosControllerSpec" name="Test the save action correctly persists an instance" time="0.219">
    <error message="Cannot redirect for object [tfcmanager.Documentos : (unsaved)] it is not a domain or has no identifier. Use an explicit redirect instead " type="org.codehaus.groovy.grails.web.servlet.mvc.exceptions.CannotRedirectException">org.codehaus.groovy.grails.web.servlet.mvc.exceptions.CannotRedirectException: Cannot redirect for object [tfcmanager.Documentos : (unsaved)] it is not a domain or has no identifier. Use an explicit redirect instead 
	at tfcmanager.DocumentosController.tt__save_closure9_closure14(DocumentosController.groovy:47)
	at tfcmanager.DocumentosController.$tt__save(DocumentosController.groovy:44)
	at tfcmanager.DocumentosControllerSpec.Test the save action correctly persists an instance(DocumentosControllerSpec.groovy:53)
</error>
  </testcase>
  <testcase classname="tfcmanager.DocumentosControllerSpec" name="Test that the show action returns the correct model" time="0.1" />
  <testcase classname="tfcmanager.DocumentosControllerSpec" name="Test that the edit action returns the correct model" time="0.105" />
  <testcase classname="tfcmanager.DocumentosControllerSpec" name="Test the update action performs an update on a valid domain instance" time="0.219">
    <error message="Cannot get property &apos;id&apos; on null object" type="java.lang.NullPointerException">java.lang.NullPointerException: Cannot get property &apos;id&apos; on null object
	at tfcmanager.DocumentosControllerSpec.Test the update action performs an update on a valid domain instance(DocumentosControllerSpec.groovy:120)
</error>
  </testcase>
  <testcase classname="tfcmanager.DocumentosControllerSpec" name="Test that the delete action deletes an instance if it exists" time="0.106">
    <failure message="Condition not satisfied:&#xa;&#xa;Documentos.count() == 1&#xa;           |       |&#xa;           0       false&#xa;" type="junit.framework.AssertionFailedError">junit.framework.AssertionFailedError: Condition not satisfied:

Documentos.count() == 1
           |       |
           0       false

	at tfcmanager.DocumentosControllerSpec.Test that the delete action deletes an instance if it exists(DocumentosControllerSpec.groovy:139)
</failure>
  </testcase>
  <system-out><![CDATA[--Output from Test the index action returns the correct model--
--Output from Test the create action returns the correct model--
--Output from Test the save action correctly persists an instance--
--Output from Test that the show action returns the correct model--
--Output from Test that the edit action returns the correct model--
--Output from Test the update action performs an update on a valid domain instance--
--Output from Test that the delete action deletes an instance if it exists--
]]></system-out>
  <system-err><![CDATA[--Output from Test the index action returns the correct model--
--Output from Test the create action returns the correct model--
--Output from Test the save action correctly persists an instance--
--Output from Test that the show action returns the correct model--
--Output from Test that the edit action returns the correct model--
--Output from Test the update action performs an update on a valid domain instance--
--Output from Test that the delete action deletes an instance if it exists--
]]></system-err>
</testsuite>
