<?xml version="1.0" encoding="UTF-8" ?>
<testsuite errors="2" failures="1" hostname="Rogerio-PC" name="tfcmanager.ProfessorControllerSpec" tests="7" time="2.76" timestamp="2014-11-06T20:11:19">
  <properties />
  <testcase classname="tfcmanager.ProfessorControllerSpec" name="Test the index action returns the correct model" time="0.766" />
  <testcase classname="tfcmanager.ProfessorControllerSpec" name="Test the create action returns the correct model" time="0.693" />
  <testcase classname="tfcmanager.ProfessorControllerSpec" name="Test the save action correctly persists an instance" time="0.236">
    <error message="Cannot redirect for object [null] it is not a domain or has no identifier. Use an explicit redirect instead " type="org.codehaus.groovy.grails.web.servlet.mvc.exceptions.CannotRedirectException">org.codehaus.groovy.grails.web.servlet.mvc.exceptions.CannotRedirectException: Cannot redirect for object [null] it is not a domain or has no identifier. Use an explicit redirect instead 
	at tfcmanager.ProfessorController.tt__save_closure9_closure14(ProfessorController.groovy:44)
	at tfcmanager.ProfessorController.$tt__save(ProfessorController.groovy:41)
	at tfcmanager.ProfessorControllerSpec.Test the save action correctly persists an instance(ProfessorControllerSpec.groovy:53)
</error>
  </testcase>
  <testcase classname="tfcmanager.ProfessorControllerSpec" name="Test that the show action returns the correct model" time="0.096" />
  <testcase classname="tfcmanager.ProfessorControllerSpec" name="Test that the edit action returns the correct model" time="0.098" />
  <testcase classname="tfcmanager.ProfessorControllerSpec" name="Test the update action performs an update on a valid domain instance" time="0.229">
    <error message="Cannot get property &apos;id&apos; on null object" type="java.lang.NullPointerException">java.lang.NullPointerException: Cannot get property &apos;id&apos; on null object
	at tfcmanager.ProfessorControllerSpec.Test the update action performs an update on a valid domain instance(ProfessorControllerSpec.groovy:120)
</error>
  </testcase>
  <testcase classname="tfcmanager.ProfessorControllerSpec" name="Test that the delete action deletes an instance if it exists" time="0.115">
    <failure message="Condition not satisfied:&#xa;&#xa;Professor.count() == 1&#xa;          |       |&#xa;          0       false&#xa;" type="junit.framework.AssertionFailedError">junit.framework.AssertionFailedError: Condition not satisfied:

Professor.count() == 1
          |       |
          0       false

	at tfcmanager.ProfessorControllerSpec.Test that the delete action deletes an instance if it exists(ProfessorControllerSpec.groovy:139)
</failure>
  </testcase>
  <system-out><![CDATA[--Output from Test the index action returns the correct model--
--Output from Test the create action returns the correct model--
--Output from Test the save action correctly persists an instance--
--Output from Test that the show action returns the correct model--
--Output from Test that the edit action returns the correct model--
--Output from Test the update action performs an update on a valid domain instance--
--Output from Test that the delete action deletes an instance if it exists--
]]></system-out>
  <system-err><![CDATA[--Output from Test the index action returns the correct model--
--Output from Test the create action returns the correct model--
--Output from Test the save action correctly persists an instance--
--Output from Test that the show action returns the correct model--
--Output from Test that the edit action returns the correct model--
--Output from Test the update action performs an update on a valid domain instance--
--Output from Test that the delete action deletes an instance if it exists--
]]></system-err>
</testsuite>
