<?xml version="1.0" encoding="UTF-8" ?>
<testsuite errors="2" failures="1" hostname="Rogerio-PC" name="tfcmanager.AlunoControllerSpec" tests="7" time="9.124" timestamp="2014-11-06T20:10:43">
  <properties />
  <testcase classname="tfcmanager.AlunoControllerSpec" name="Test the index action returns the correct model" time="6.168" />
  <testcase classname="tfcmanager.AlunoControllerSpec" name="Test the create action returns the correct model" time="0.32" />
  <testcase classname="tfcmanager.AlunoControllerSpec" name="Test the save action correctly persists an instance" time="0.946">
    <error message="Cannot redirect for object [null] it is not a domain or has no identifier. Use an explicit redirect instead " type="org.codehaus.groovy.grails.web.servlet.mvc.exceptions.CannotRedirectException">org.codehaus.groovy.grails.web.servlet.mvc.exceptions.CannotRedirectException: Cannot redirect for object [null] it is not a domain or has no identifier. Use an explicit redirect instead 
	at tfcmanager.AlunoController.tt__save_closure11_closure16(AlunoController.groovy:65)
	at tfcmanager.AlunoController.$tt__save(AlunoController.groovy:62)
	at tfcmanager.AlunoControllerSpec.Test the save action correctly persists an instance(AlunoControllerSpec.groovy:53)
</error>
  </testcase>
  <testcase classname="tfcmanager.AlunoControllerSpec" name="Test that the show action returns the correct model" time="0.165" />
  <testcase classname="tfcmanager.AlunoControllerSpec" name="Test that the edit action returns the correct model" time="0.127" />
  <testcase classname="tfcmanager.AlunoControllerSpec" name="Test the update action performs an update on a valid domain instance" time="0.573">
    <error message="Cannot get property &apos;id&apos; on null object" type="java.lang.NullPointerException">java.lang.NullPointerException: Cannot get property &apos;id&apos; on null object
	at tfcmanager.AlunoControllerSpec.Test the update action performs an update on a valid domain instance(AlunoControllerSpec.groovy:120)
</error>
  </testcase>
  <testcase classname="tfcmanager.AlunoControllerSpec" name="Test that the delete action deletes an instance if it exists" time="0.204">
    <failure message="Condition not satisfied:&#xa;&#xa;Aluno.count() == 1&#xa;      |       |&#xa;      0       false&#xa;" type="junit.framework.AssertionFailedError">junit.framework.AssertionFailedError: Condition not satisfied:

Aluno.count() == 1
      |       |
      0       false

	at tfcmanager.AlunoControllerSpec.Test that the delete action deletes an instance if it exists(AlunoControllerSpec.groovy:139)
</failure>
  </testcase>
  <system-out><![CDATA[--Output from Test the index action returns the correct model--
--Output from Test the create action returns the correct model--
--Output from Test the save action correctly persists an instance--
--Output from Test that the show action returns the correct model--
--Output from Test that the edit action returns the correct model--
--Output from Test the update action performs an update on a valid domain instance--
--Output from Test that the delete action deletes an instance if it exists--
]]></system-out>
  <system-err><![CDATA[--Output from Test the index action returns the correct model--
--Output from Test the create action returns the correct model--
--Output from Test the save action correctly persists an instance--
--Output from Test that the show action returns the correct model--
--Output from Test that the edit action returns the correct model--
--Output from Test the update action performs an update on a valid domain instance--
--Output from Test that the delete action deletes an instance if it exists--
]]></system-err>
</testsuite>
