<?xml version="1.0" encoding="UTF-8" ?>
<testsuite errors="2" failures="1" hostname="Rogerio-PC" name="tfcmanager.PapelControllerSpec" tests="7" time="2.163" timestamp="2014-11-06T20:11:14">
  <properties />
  <testcase classname="tfcmanager.PapelControllerSpec" name="Test the index action returns the correct model" time="0.727" />
  <testcase classname="tfcmanager.PapelControllerSpec" name="Test the create action returns the correct model" time="0.113" />
  <testcase classname="tfcmanager.PapelControllerSpec" name="Test the save action correctly persists an instance" time="0.248">
    <error message="Cannot redirect for object [null] it is not a domain or has no identifier. Use an explicit redirect instead " type="org.codehaus.groovy.grails.web.servlet.mvc.exceptions.CannotRedirectException">org.codehaus.groovy.grails.web.servlet.mvc.exceptions.CannotRedirectException: Cannot redirect for object [null] it is not a domain or has no identifier. Use an explicit redirect instead 
	at tfcmanager.PapelController.tt__save_closure9_closure14(PapelController.groovy:47)
	at tfcmanager.PapelController.$tt__save(PapelController.groovy:44)
	at tfcmanager.PapelControllerSpec.Test the save action correctly persists an instance(PapelControllerSpec.groovy:53)
</error>
  </testcase>
  <testcase classname="tfcmanager.PapelControllerSpec" name="Test that the show action returns the correct model" time="0.102" />
  <testcase classname="tfcmanager.PapelControllerSpec" name="Test that the edit action returns the correct model" time="0.098" />
  <testcase classname="tfcmanager.PapelControllerSpec" name="Test the update action performs an update on a valid domain instance" time="0.241">
    <error message="Cannot get property &apos;id&apos; on null object" type="java.lang.NullPointerException">java.lang.NullPointerException: Cannot get property &apos;id&apos; on null object
	at tfcmanager.PapelControllerSpec.Test the update action performs an update on a valid domain instance(PapelControllerSpec.groovy:120)
</error>
  </testcase>
  <testcase classname="tfcmanager.PapelControllerSpec" name="Test that the delete action deletes an instance if it exists" time="0.115">
    <failure message="Condition not satisfied:&#xa;&#xa;Papel.count() == 1&#xa;      |       |&#xa;      0       false&#xa;" type="junit.framework.AssertionFailedError">junit.framework.AssertionFailedError: Condition not satisfied:

Papel.count() == 1
      |       |
      0       false

	at tfcmanager.PapelControllerSpec.Test that the delete action deletes an instance if it exists(PapelControllerSpec.groovy:139)
</failure>
  </testcase>
  <system-out><![CDATA[--Output from Test the index action returns the correct model--
--Output from Test the create action returns the correct model--
--Output from Test the save action correctly persists an instance--
--Output from Test that the show action returns the correct model--
--Output from Test that the edit action returns the correct model--
--Output from Test the update action performs an update on a valid domain instance--
--Output from Test that the delete action deletes an instance if it exists--
]]></system-out>
  <system-err><![CDATA[--Output from Test the index action returns the correct model--
--Output from Test the create action returns the correct model--
--Output from Test the save action correctly persists an instance--
--Output from Test that the show action returns the correct model--
--Output from Test that the edit action returns the correct model--
--Output from Test the update action performs an update on a valid domain instance--
--Output from Test that the delete action deletes an instance if it exists--
]]></system-err>
</testsuite>
