<?xml version="1.0" encoding="UTF-8" ?>
<testsuite errors="2" failures="1" hostname="Rogerio-PC" name="tfcmanager.AvaliacaoTFCControllerSpec" tests="7" time="2.933" timestamp="2014-11-06T20:10:55">
  <properties />
  <testcase classname="tfcmanager.AvaliacaoTFCControllerSpec" name="Test the index action returns the correct model" time="0.864" />
  <testcase classname="tfcmanager.AvaliacaoTFCControllerSpec" name="Test the create action returns the correct model" time="0.148" />
  <testcase classname="tfcmanager.AvaliacaoTFCControllerSpec" name="Test the save action correctly persists an instance" time="0.656">
    <error message="Cannot redirect for object [tfcmanager.AvaliacaoTFC : (unsaved)] it is not a domain or has no identifier. Use an explicit redirect instead " type="org.codehaus.groovy.grails.web.servlet.mvc.exceptions.CannotRedirectException">org.codehaus.groovy.grails.web.servlet.mvc.exceptions.CannotRedirectException: Cannot redirect for object [tfcmanager.AvaliacaoTFC : (unsaved)] it is not a domain or has no identifier. Use an explicit redirect instead 
	at tfcmanager.AvaliacaoTFCController.tt__save_closure9_closure14(AvaliacaoTFCController.groovy:44)
	at tfcmanager.AvaliacaoTFCController.$tt__save(AvaliacaoTFCController.groovy:41)
	at tfcmanager.AvaliacaoTFCControllerSpec.Test the save action correctly persists an instance(AvaliacaoTFCControllerSpec.groovy:53)
</error>
  </testcase>
  <testcase classname="tfcmanager.AvaliacaoTFCControllerSpec" name="Test that the show action returns the correct model" time="0.107" />
  <testcase classname="tfcmanager.AvaliacaoTFCControllerSpec" name="Test that the edit action returns the correct model" time="0.103" />
  <testcase classname="tfcmanager.AvaliacaoTFCControllerSpec" name="Test the update action performs an update on a valid domain instance" time="0.242">
    <error message="Cannot get property &apos;id&apos; on null object" type="java.lang.NullPointerException">java.lang.NullPointerException: Cannot get property &apos;id&apos; on null object
	at tfcmanager.AvaliacaoTFCControllerSpec.Test the update action performs an update on a valid domain instance(AvaliacaoTFCControllerSpec.groovy:120)
</error>
  </testcase>
  <testcase classname="tfcmanager.AvaliacaoTFCControllerSpec" name="Test that the delete action deletes an instance if it exists" time="0.131">
    <failure message="Condition not satisfied:&#xa;&#xa;AvaliacaoTFC.count() == 1&#xa;             |       |&#xa;             0       false&#xa;" type="junit.framework.AssertionFailedError">junit.framework.AssertionFailedError: Condition not satisfied:

AvaliacaoTFC.count() == 1
             |       |
             0       false

	at tfcmanager.AvaliacaoTFCControllerSpec.Test that the delete action deletes an instance if it exists(AvaliacaoTFCControllerSpec.groovy:139)
</failure>
  </testcase>
  <system-out><![CDATA[--Output from Test the index action returns the correct model--
--Output from Test the create action returns the correct model--
--Output from Test the save action correctly persists an instance--
--Output from Test that the show action returns the correct model--
--Output from Test that the edit action returns the correct model--
--Output from Test the update action performs an update on a valid domain instance--
--Output from Test that the delete action deletes an instance if it exists--
]]></system-out>
  <system-err><![CDATA[--Output from Test the index action returns the correct model--
--Output from Test the create action returns the correct model--
--Output from Test the save action correctly persists an instance--
--Output from Test that the show action returns the correct model--
--Output from Test that the edit action returns the correct model--
--Output from Test the update action performs an update on a valid domain instance--
--Output from Test that the delete action deletes an instance if it exists--
]]></system-err>
</testsuite>
