<?xml version="1.0" encoding="UTF-8" ?>
<testsuite errors="2" failures="1" hostname="Rogerio-PC" name="tfcmanager.ConvocacaoControllerSpec" tests="7" time="2.126" timestamp="2014-11-06T20:11:01">
  <properties />
  <testcase classname="tfcmanager.ConvocacaoControllerSpec" name="Test the index action returns the correct model" time="0.736" />
  <testcase classname="tfcmanager.ConvocacaoControllerSpec" name="Test the create action returns the correct model" time="0.111" />
  <testcase classname="tfcmanager.ConvocacaoControllerSpec" name="Test the save action correctly persists an instance" time="0.197">
    <error message="Cannot redirect for object [tfcmanager.Convocacao : (unsaved)] it is not a domain or has no identifier. Use an explicit redirect instead " type="org.codehaus.groovy.grails.web.servlet.mvc.exceptions.CannotRedirectException">org.codehaus.groovy.grails.web.servlet.mvc.exceptions.CannotRedirectException: Cannot redirect for object [tfcmanager.Convocacao : (unsaved)] it is not a domain or has no identifier. Use an explicit redirect instead 
	at tfcmanager.ConvocacaoController.tt__save_closure9_closure14(ConvocacaoController.groovy:44)
	at tfcmanager.ConvocacaoController.$tt__save(ConvocacaoController.groovy:41)
	at tfcmanager.ConvocacaoControllerSpec.Test the save action correctly persists an instance(ConvocacaoControllerSpec.groovy:53)
</error>
  </testcase>
  <testcase classname="tfcmanager.ConvocacaoControllerSpec" name="Test that the show action returns the correct model" time="0.1" />
  <testcase classname="tfcmanager.ConvocacaoControllerSpec" name="Test that the edit action returns the correct model" time="0.108" />
  <testcase classname="tfcmanager.ConvocacaoControllerSpec" name="Test the update action performs an update on a valid domain instance" time="0.253">
    <error message="Cannot get property &apos;id&apos; on null object" type="java.lang.NullPointerException">java.lang.NullPointerException: Cannot get property &apos;id&apos; on null object
	at tfcmanager.ConvocacaoControllerSpec.Test the update action performs an update on a valid domain instance(ConvocacaoControllerSpec.groovy:120)
</error>
  </testcase>
  <testcase classname="tfcmanager.ConvocacaoControllerSpec" name="Test that the delete action deletes an instance if it exists" time="0.119">
    <failure message="Condition not satisfied:&#xa;&#xa;Convocacao.count() == 1&#xa;           |       |&#xa;           0       false&#xa;" type="junit.framework.AssertionFailedError">junit.framework.AssertionFailedError: Condition not satisfied:

Convocacao.count() == 1
           |       |
           0       false

	at tfcmanager.ConvocacaoControllerSpec.Test that the delete action deletes an instance if it exists(ConvocacaoControllerSpec.groovy:139)
</failure>
  </testcase>
  <system-out><![CDATA[--Output from Test the index action returns the correct model--
--Output from Test the create action returns the correct model--
--Output from Test the save action correctly persists an instance--
--Output from Test that the show action returns the correct model--
--Output from Test that the edit action returns the correct model--
--Output from Test the update action performs an update on a valid domain instance--
--Output from Test that the delete action deletes an instance if it exists--
]]></system-out>
  <system-err><![CDATA[--Output from Test the index action returns the correct model--
--Output from Test the create action returns the correct model--
--Output from Test the save action correctly persists an instance--
--Output from Test that the show action returns the correct model--
--Output from Test that the edit action returns the correct model--
--Output from Test the update action performs an update on a valid domain instance--
--Output from Test that the delete action deletes an instance if it exists--
]]></system-err>
</testsuite>
